# JRE version: OpenJDK Runtime Environment Temurin-17.0.12+7 (17.0.12+7) (build 17.0.12+7)
# Java VM: OpenJDK 64-Bit Server VM Temurin-17.0.12+7 (17.0.12+7, mixed mode, tiered, compressed oops, compressed class ptrs, parallel gc, windows-amd64)
GC Precious Log:
 CPUs: 4 total, 4 available
 Memory: 6044M
 Large Page Support: Disabled
 NUMA Support: Disabled
 Compressed Oops: Enabled (32-bit)
 Alignments: Space 512K, Generation 512K, Heap 2M
 Heap Min Capacity: 100M
 Heap Initial Capacity: 100M
 Heap Max Capacity: 1G
 Pre-touch: Disabled
 Parallel Workers: 4
Heap:
 PSYoungGen      total 12800K, used 12216K [0x00000000eab00000, 0x00000000ec100000, 0x0000000100000000)
  eden space 10752K, 95% used [0x00000000eab00000,0x00000000eb511c10,0x00000000eb580000)
  from space 2048K, 93% used [0x00000000ebe80000,0x00000000ec05c4c0,0x00000000ec080000)
  to   space 512K, 0% used [0x00000000ec080000,0x00000000ec080000,0x00000000ec100000)
 ParOldGen       total 424960K, used 382889K [0x00000000c0000000, 0x00000000d9f00000, 0x00000000eab00000)
  object space 424960K, 90% used [0x00000000c0000000,0x00000000d75ea648,0x00000000d9f00000)
 Metaspace       used 77676K, committed 78976K, reserved 1179648K
  class space    used 8457K, committed 9024K, reserved 1048576K
GC Heap History (20 events):
Event: 51.185 GC heap before
{Heap before GC invocations=187 (full 13):
 PSYoungGen      total 10240K, used 10208K [0x00000000eab00000, 0x00000000ebd80000, 0x0000000100000000)
  eden space 6656K, 100% used [0x00000000eab00000,0x00000000eb180000,0x00000000eb180000)
  from space 3584K, 99% used [0x00000000eb880000,0x00000000ebbf8010,0x00000000ebc00000)
  to   space 1536K, 0% used [0x00000000ebc00000,0x00000000ebc00000,0x00000000ebd80000)
 ParOldGen       total 391168K, used 382375K [0x00000000c0000000, 0x00000000d7e00000, 0x00000000eab00000)
  object space 391168K, 97% used [0x00000000c0000000,0x00000000d7569d08,0x00000000d7e00000)
 Metaspace       used 72566K, committed 73792K, reserved 1179648K
  class space    used 7845K, committed 8384K, reserved 1048576K
}
Event: 51.202 GC heap after
{Heap after GC invocations=187 (full 13):
 PSYoungGen      total 9216K, used 1536K [0x00000000eab00000, 0x00000000ebe80000, 0x0000000100000000)
  eden space 7680K, 0% used [0x00000000eab00000,0x00000000eab00000,0x00000000eb280000)
  from space 1536K, 100% used [0x00000000ebc00000,0x00000000ebd80000,0x00000000ebd80000)
  to   space 6144K, 0% used [0x00000000eb280000,0x00000000eb280000,0x00000000eb880000)
 ParOldGen       total 391168K, used 386543K [0x00000000c0000000, 0x00000000d7e00000, 0x00000000eab00000)
  object space 391168K, 98% used [0x00000000c0000000,0x00000000d797bd60,0x00000000d7e00000)
 Metaspace       used 72566K, committed 73792K, reserved 1179648K
  class space    used 7845K, committed 8384K, reserved 1048576K
}
Event: 51.202 GC heap before
{Heap before GC invocations=188 (full 14):
 PSYoungGen      total 9216K, used 1536K [0x00000000eab00000, 0x00000000ebe80000, 0x0000000100000000)
  eden space 7680K, 0% used [0x00000000eab00000,0x00000000eab00000,0x00000000eb280000)
  from space 1536K, 100% used [0x00000000ebc00000,0x00000000ebd80000,0x00000000ebd80000)
  to   space 6144K, 0% used [0x00000000eb280000,0x00000000eb280000,0x00000000eb880000)
 ParOldGen       total 391168K, used 386543K [0x00000000c0000000, 0x00000000d7e00000, 0x00000000eab00000)
  object space 391168K, 98% used [0x00000000c0000000,0x00000000d797bd60,0x00000000d7e00000)
 Metaspace       used 72566K, committed 73792K, reserved 1179648K
  class space    used 7845K, committed 8384K, reserved 1048576K
}
Event: 51.784 GC heap after
{Heap after GC invocations=188 (full 14):
 PSYoungGen      total 13824K, used 0K [0x00000000eab00000, 0x00000000ebf80000, 0x0000000100000000)
  eden space 7680K, 0% used [0x00000000eab00000,0x00000000eab00000,0x00000000eb280000)
  from space 6144K, 0% used [0x00000000eb280000,0x00000000eb280000,0x00000000eb880000)
  to   space 6144K, 0% used [0x00000000eb980000,0x00000000eb980000,0x00000000ebf80000)
 ParOldGen       total 424960K, used 367796K [0x00000000c0000000, 0x00000000d9f00000, 0x00000000eab00000)
  object space 424960K, 86% used [0x00000000c0000000,0x00000000d672d388,0x00000000d9f00000)
 Metaspace       used 72566K, committed 73792K, reserved 1179648K
  class space    used 7845K, committed 8384K, reserved 1048576K
}
Event: 52.099 GC heap before
{Heap before GC invocations=189 (full 14):
 PSYoungGen      total 13824K, used 7680K [0x00000000eab00000, 0x00000000ebf80000, 0x0000000100000000)
  eden space 7680K, 100% used [0x00000000eab00000,0x00000000eb280000,0x00000000eb280000)
  from space 6144K, 0% used [0x00000000eb280000,0x00000000eb280000,0x00000000eb880000)
  to   space 6144K, 0% used [0x00000000eb980000,0x00000000eb980000,0x00000000ebf80000)
 ParOldGen       total 424960K, used 367796K [0x00000000c0000000, 0x00000000d9f00000, 0x00000000eab00000)
  object space 424960K, 86% used [0x00000000c0000000,0x00000000d672d388,0x00000000d9f00000)
 Metaspace       used 72666K, committed 73856K, reserved 1179648K
  class space    used 7853K, committed 8384K, reserved 1048576K
}
Event: 52.105 GC heap after
{Heap after GC invocations=189 (full 14):
 PSYoungGen      total 11264K, used 2728K [0x00000000eab00000, 0x00000000ebc80000, 0x0000000100000000)
  eden space 8192K, 0% used [0x00000000eab00000,0x00000000eab00000,0x00000000eb300000)
  from space 3072K, 88% used [0x00000000eb980000,0x00000000ebc2a000,0x00000000ebc80000)
  to   space 4096K, 0% used [0x00000000eb480000,0x00000000eb480000,0x00000000eb880000)
 ParOldGen       total 424960K, used 367796K [0x00000000c0000000, 0x00000000d9f00000, 0x00000000eab00000)
  object space 424960K, 86% used [0x00000000c0000000,0x00000000d672d388,0x00000000d9f00000)
 Metaspace       used 72666K, committed 73856K, reserved 1179648K
  class space    used 7853K, committed 8384K, reserved 1048576K
}
Event: 52.884 GC heap before
{Heap before GC invocations=190 (full 14):
 PSYoungGen      total 11264K, used 10920K [0x00000000eab00000, 0x00000000ebc80000, 0x0000000100000000)
  eden space 8192K, 100% used [0x00000000eab00000,0x00000000eb300000,0x00000000eb300000)
  from space 3072K, 88% used [0x00000000eb980000,0x00000000ebc2a000,0x00000000ebc80000)
  to   space 4096K, 0% used [0x00000000eb480000,0x00000000eb480000,0x00000000eb880000)
 ParOldGen       total 424960K, used 367796K [0x00000000c0000000, 0x00000000d9f00000, 0x00000000eab00000)
  object space 424960K, 86% used [0x00000000c0000000,0x00000000d672d388,0x00000000d9f00000)
 Metaspace       used 73110K, committed 74368K, reserved 1179648K
  class space    used 7897K, committed 8448K, reserved 1048576K
}
Event: 52.892 GC heap after
{Heap after GC invocations=190 (full 14):
 PSYoungGen      total 13312K, used 4072K [0x00000000eab00000, 0x00000000ec200000, 0x0000000100000000)
  eden space 9216K, 0% used [0x00000000eab00000,0x00000000eab00000,0x00000000eb400000)
  from space 4096K, 99% used [0x00000000eb480000,0x00000000eb87a020,0x00000000eb880000)
  to   space 7168K, 0% used [0x00000000ebb00000,0x00000000ebb00000,0x00000000ec200000)
 ParOldGen       total 424960K, used 369940K [0x00000000c0000000, 0x00000000d9f00000, 0x00000000eab00000)
  object space 424960K, 87% used [0x00000000c0000000,0x00000000d6945388,0x00000000d9f00000)
 Metaspace       used 73110K, committed 74368K, reserved 1179648K
  class space    used 7897K, committed 8448K, reserved 1048576K
}
Event: 53.466 GC heap before
{Heap before GC invocations=191 (full 14):
 PSYoungGen      total 13312K, used 13288K [0x00000000eab00000, 0x00000000ec200000, 0x0000000100000000)
  eden space 9216K, 100% used [0x00000000eab00000,0x00000000eb400000,0x00000000eb400000)
  from space 4096K, 99% used [0x00000000eb480000,0x00000000eb87a020,0x00000000eb880000)
  to   space 7168K, 0% used [0x00000000ebb00000,0x00000000ebb00000,0x00000000ec200000)
 ParOldGen       total 424960K, used 369940K [0x00000000c0000000, 0x00000000d9f00000, 0x00000000eab00000)
  object space 424960K, 87% used [0x00000000c0000000,0x00000000d6945388,0x00000000d9f00000)
 Metaspace       used 73140K, committed 74368K, reserved 1179648K
  class space    used 7901K, committed 8448K, reserved 1048576K
}
Event: 53.474 GC heap after
{Heap after GC invocations=191 (full 14):
 PSYoungGen      total 13312K, used 3141K [0x00000000eab00000, 0x00000000ebe80000, 0x0000000100000000)
  eden space 9728K, 0% used [0x00000000eab00000,0x00000000eab00000,0x00000000eb480000)
  from space 3584K, 87% used [0x00000000ebb00000,0x00000000ebe115d8,0x00000000ebe80000)
  to   space 4608K, 0% used [0x00000000eb580000,0x00000000eb580000,0x00000000eba00000)
 ParOldGen       total 424960K, used 374043K [0x00000000c0000000, 0x00000000d9f00000, 0x00000000eab00000)
  object space 424960K, 88% used [0x00000000c0000000,0x00000000d6d46ed0,0x00000000d9f00000)
 Metaspace       used 73140K, committed 74368K, reserved 1179648K
  class space    used 7901K, committed 8448K, reserved 1048576K
}
Event: 53.553 GC heap before
{Heap before GC invocations=192 (full 14):
 PSYoungGen      total 13312K, used 12787K [0x00000000eab00000, 0x00000000ebe80000, 0x0000000100000000)
  eden space 9728K, 99% used [0x00000000eab00000,0x00000000eb46b9c0,0x00000000eb480000)
  from space 3584K, 87% used [0x00000000ebb00000,0x00000000ebe115d8,0x00000000ebe80000)
  to   space 4608K, 0% used [0x00000000eb580000,0x00000000eb580000,0x00000000eba00000)
 ParOldGen       total 424960K, used 374043K [0x00000000c0000000, 0x00000000d9f00000, 0x00000000eab00000)
  object space 424960K, 88% used [0x00000000c0000000,0x00000000d6d46ed0,0x00000000d9f00000)
 Metaspace       used 73162K, committed 74432K, reserved 1179648K
  class space    used 7901K, committed 8448K, reserved 1048576K
}
Event: 53.567 GC heap after
{Heap after GC invocations=192 (full 14):
 PSYoungGen      total 15360K, used 4601K [0x00000000eab00000, 0x00000000ecf80000, 0x0000000100000000)
  eden space 10752K, 0% used [0x00000000eab00000,0x00000000eab00000,0x00000000eb580000)
  from space 4608K, 99% used [0x00000000eb580000,0x00000000eb9fe738,0x00000000eba00000)
  to   space 13312K, 0% used [0x00000000ec280000,0x00000000ec280000,0x00000000ecf80000)
 ParOldGen       total 424960K, used 380946K [0x00000000c0000000, 0x00000000d9f00000, 0x00000000eab00000)
  object space 424960K, 89% used [0x00000000c0000000,0x00000000d7404b08,0x00000000d9f00000)
 Metaspace       used 73162K, committed 74432K, reserved 1179648K
  class space    used 7901K, committed 8448K, reserved 1048576K
}
Event: 618.727 GC heap before
{Heap before GC invocations=193 (full 14):
 PSYoungGen      total 15360K, used 15353K [0x00000000eab00000, 0x00000000ecf80000, 0x0000000100000000)
  eden space 10752K, 100% used [0x00000000eab00000,0x00000000eb580000,0x00000000eb580000)
  from space 4608K, 99% used [0x00000000eb580000,0x00000000eb9fe738,0x00000000eba00000)
  to   space 13312K, 0% used [0x00000000ec280000,0x00000000ec280000,0x00000000ecf80000)
 ParOldGen       total 424960K, used 380946K [0x00000000c0000000, 0x00000000d9f00000, 0x00000000eab00000)
  object space 424960K, 89% used [0x00000000c0000000,0x00000000d7404b08,0x00000000d9f00000)
 Metaspace       used 73273K, committed 74496K, reserved 1179648K
  class space    used 7913K, committed 8448K, reserved 1048576K
}
Event: 618.732 GC heap after
{Heap after GC invocations=193 (full 14):
 PSYoungGen      total 12288K, used 1280K [0x00000000eab00000, 0x00000000ec400000, 0x0000000100000000)
  eden space 10752K, 0% used [0x00000000eab00000,0x00000000eab00000,0x00000000eb580000)
  from space 1536K, 83% used [0x00000000ec280000,0x00000000ec3c0018,0x00000000ec400000)
  to   space 5120K, 0% used [0x00000000eba00000,0x00000000eba00000,0x00000000ebf00000)
 ParOldGen       total 424960K, used 382441K [0x00000000c0000000, 0x00000000d9f00000, 0x00000000eab00000)
  object space 424960K, 89% used [0x00000000c0000000,0x00000000d757a640,0x00000000d9f00000)
 Metaspace       used 73273K, committed 74496K, reserved 1179648K
  class space    used 7913K, committed 8448K, reserved 1048576K
}
Event: 619.042 GC heap before
{Heap before GC invocations=194 (full 14):
 PSYoungGen      total 12288K, used 12032K [0x00000000eab00000, 0x00000000ec400000, 0x0000000100000000)
  eden space 10752K, 100% used [0x00000000eab00000,0x00000000eb580000,0x00000000eb580000)
  from space 1536K, 83% used [0x00000000ec280000,0x00000000ec3c0018,0x00000000ec400000)
  to   space 5120K, 0% used [0x00000000eba00000,0x00000000eba00000,0x00000000ebf00000)
 ParOldGen       total 424960K, used 382441K [0x00000000c0000000, 0x00000000d9f00000, 0x00000000eab00000)
  object space 424960K, 89% used [0x00000000c0000000,0x00000000d757a640,0x00000000d9f00000)
 Metaspace       used 74656K, committed 75968K, reserved 1179648K
  class space    used 8065K, committed 8640K, reserved 1048576K
}
Event: 619.044 GC heap after
{Heap after GC invocations=194 (full 14):
 PSYoungGen      total 15872K, used 1609K [0x00000000eab00000, 0x00000000ec300000, 0x0000000100000000)
  eden space 10752K, 0% used [0x00000000eab00000,0x00000000eab00000,0x00000000eb580000)
  from space 5120K, 31% used [0x00000000eba00000,0x00000000ebb926f8,0x00000000ebf00000)
  to   space 2560K, 0% used [0x00000000ec080000,0x00000000ec080000,0x00000000ec300000)
 ParOldGen       total 424960K, used 382449K [0x00000000c0000000, 0x00000000d9f00000, 0x00000000eab00000)
  object space 424960K, 89% used [0x00000000c0000000,0x00000000d757c640,0x00000000d9f00000)
 Metaspace       used 74656K, committed 75968K, reserved 1179648K
  class space    used 8065K, committed 8640K, reserved 1048576K
}
Event: 619.176 GC heap before
{Heap before GC invocations=195 (full 14):
 PSYoungGen      total 15872K, used 12361K [0x00000000eab00000, 0x00000000ec300000, 0x0000000100000000)
  eden space 10752K, 100% used [0x00000000eab00000,0x00000000eb580000,0x00000000eb580000)
  from space 5120K, 31% used [0x00000000eba00000,0x00000000ebb926f8,0x00000000ebf00000)
  to   space 2560K, 0% used [0x00000000ec080000,0x00000000ec080000,0x00000000ec300000)
 ParOldGen       total 424960K, used 382449K [0x00000000c0000000, 0x00000000d9f00000, 0x00000000eab00000)
  object space 424960K, 89% used [0x00000000c0000000,0x00000000d757c640,0x00000000d9f00000)
 Metaspace       used 75733K, committed 76992K, reserved 1179648K
  class space    used 8265K, committed 8832K, reserved 1048576K
}
Event: 619.178 GC heap after
{Heap after GC invocations=195 (full 14):
 PSYoungGen      total 12800K, used 1697K [0x00000000eab00000, 0x00000000ec280000, 0x0000000100000000)
  eden space 10752K, 0% used [0x00000000eab00000,0x00000000eab00000,0x00000000eb580000)
  from space 2048K, 82% used [0x00000000ec080000,0x00000000ec2284a8,0x00000000ec280000)
  to   space 2048K, 0% used [0x00000000ebe80000,0x00000000ebe80000,0x00000000ec080000)
 ParOldGen       total 424960K, used 382449K [0x00000000c0000000, 0x00000000d9f00000, 0x00000000eab00000)
  object space 424960K, 89% used [0x00000000c0000000,0x00000000d757c640,0x00000000d9f00000)
 Metaspace       used 75733K, committed 76992K, reserved 1179648K
  class space    used 8265K, committed 8832K, reserved 1048576K
}
Event: 637.300 GC heap before
{Heap before GC invocations=196 (full 14):
 PSYoungGen      total 12800K, used 12449K [0x00000000eab00000, 0x00000000ec280000, 0x0000000100000000)
  eden space 10752K, 100% used [0x00000000eab00000,0x00000000eb580000,0x00000000eb580000)
  from space 2048K, 82% used [0x00000000ec080000,0x00000000ec2284a8,0x00000000ec280000)
  to   space 2048K, 0% used [0x00000000ebe80000,0x00000000ebe80000,0x00000000ec080000)
 ParOldGen       total 424960K, used 382449K [0x00000000c0000000, 0x00000000d9f00000, 0x00000000eab00000)
  object space 424960K, 89% used [0x00000000c0000000,0x00000000d757c640,0x00000000d9f00000)
 Metaspace       used 76863K, committed 78208K, reserved 1179648K
  class space    used 8361K, committed 8960K, reserved 1048576K
}
Event: 637.305 GC heap after
{Heap after GC invocations=196 (full 14):
 PSYoungGen      total 12800K, used 1905K [0x00000000eab00000, 0x00000000ec100000, 0x0000000100000000)
  eden space 10752K, 0% used [0x00000000eab00000,0x00000000eab00000,0x00000000eb580000)
  from space 2048K, 93% used [0x00000000ebe80000,0x00000000ec05c4c0,0x00000000ec080000)
  to   space 512K, 0% used [0x00000000ec080000,0x00000000ec080000,0x00000000ec100000)
 ParOldGen       total 424960K, used 382889K [0x00000000c0000000, 0x00000000d9f00000, 0x00000000eab00000)
  object space 424960K, 90% used [0x00000000c0000000,0x00000000d75ea648,0x00000000d9f00000)
 Metaspace       used 76863K, committed 78208K, reserved 1179648K
  class space    used 8361K, committed 8960K, reserved 1048576K
}

